Build started 2/26/2016 3:00:12 PM.
     1>Project "C:\Users\Lucas\Documents\Visual Studio 2013\Projects\Battleship\vc2013\Battleship.vcxproj" on node 2 (Build target(s)).
     1>ClCompile:
         C:\Program Files (x86)\Microsoft Visual Studio 12.0\VC\bin\CL.exe /c /I..\include /I..\..\..\..\..\Desktop\Cinder\cinder_0.9.0_vc2013\include /I..\blocks\Box2D\src /ZI /nologo /W3 /WX- /MP /Od /Oy- /D WIN32 /D _WIN32_WINNT=0x0601 /D _WINDOWS /D NOMINMAX /D _DEBUG /D _UNICODE /D UNICODE /Gm /EHsc /RTC1 /MTd /GS /fp:precise /Zc:wchar_t /Zc:forScope /Fo"Debug\\" /Fd"Debug\vc120.pdb" /Gd /TP /analyze- /errorReport:prompt ..\src\BattleshipApp.cpp ..\blocks\Box2D\src\Box2D\Collision\b2BroadPhase.cpp ..\blocks\Box2D\src\Box2D\Collision\b2CollideCircle.cpp ..\blocks\Box2D\src\Box2D\Collision\b2CollideEdge.cpp ..\blocks\Box2D\src\Box2D\Collision\b2CollidePolygon.cpp ..\blocks\Box2D\src\Box2D\Collision\b2Collision.cpp ..\blocks\Box2D\src\Box2D\Collision\b2Distance.cpp ..\blocks\Box2D\src\Box2D\Collision\b2DynamicTree.cpp ..\blocks\Box2D\src\Box2D\Collision\b2TimeOfImpact.cpp ..\blocks\Box2D\src\Box2D\Collision\Shapes\b2ChainShape.cpp ..\blocks\Box2D\src\Box2D\Collision\Shapes\b2CircleShape.cpp ..\blocks\Box2D\src\Box2D\Collision\Shapes\b2EdgeShape.cpp ..\blocks\Box2D\src\Box2D\Collision\Shapes\b2PolygonShape.cpp ..\blocks\Box2D\src\Box2D\Common\b2BlockAllocator.cpp ..\blocks\Box2D\src\Box2D\Common\b2Draw.cpp ..\blocks\Box2D\src\Box2D\Common\b2Math.cpp ..\blocks\Box2D\src\Box2D\Common\b2Settings.cpp ..\blocks\Box2D\src\Box2D\Common\b2StackAllocator.cpp ..\blocks\Box2D\src\Box2D\Common\b2Timer.cpp ..\blocks\Box2D\src\Box2D\Dynamics\b2Body.cpp ..\blocks\Box2D\src\Box2D\Dynamics\b2ContactManager.cpp ..\blocks\Box2D\src\Box2D\Dynamics\b2Fixture.cpp ..\blocks\Box2D\src\Box2D\Dynamics\b2Island.cpp ..\blocks\Box2D\src\Box2D\Dynamics\b2World.cpp ..\blocks\Box2D\src\Box2D\Dynamics\b2WorldCallbacks.cpp ..\blocks\Box2D\src\Box2D\Dynamics\Contacts\b2ChainAndCircleContact.cpp ..\blocks\Box2D\src\Box2D\Dynamics\Contacts\b2ChainAndPolygonContact.cpp ..\blocks\Box2D\src\Box2D\Dynamics\Contacts\b2CircleContact.cpp ..\blocks\Box2D\src\Box2D\Dynamics\Contacts\b2Contact.cpp ..\blocks\Box2D\src\Box2D\Dynamics\Contacts\b2ContactSolver.cpp ..\blocks\Box2D\src\Box2D\Dynamics\Contacts\b2EdgeAndCircleContact.cpp ..\blocks\Box2D\src\Box2D\Dynamics\Contacts\b2EdgeAndPolygonContact.cpp ..\blocks\Box2D\src\Box2D\Dynamics\Contacts\b2PolygonAndCircleContact.cpp ..\blocks\Box2D\src\Box2D\Dynamics\Contacts\b2PolygonContact.cpp ..\blocks\Box2D\src\Box2D\Dynamics\Joints\b2DistanceJoint.cpp ..\blocks\Box2D\src\Box2D\Dynamics\Joints\b2FrictionJoint.cpp ..\blocks\Box2D\src\Box2D\Dynamics\Joints\b2GearJoint.cpp ..\blocks\Box2D\src\Box2D\Dynamics\Joints\b2Joint.cpp ..\blocks\Box2D\src\Box2D\Dynamics\Joints\b2MouseJoint.cpp ..\blocks\Box2D\src\Box2D\Dynamics\Joints\b2PrismaticJoint.cpp ..\blocks\Box2D\src\Box2D\Dynamics\Joints\b2PulleyJoint.cpp ..\blocks\Box2D\src\Box2D\Dynamics\Joints\b2RevoluteJoint.cpp ..\blocks\Box2D\src\Box2D\Dynamics\Joints\b2RopeJoint.cpp ..\blocks\Box2D\src\Box2D\Dynamics\Joints\b2WeldJoint.cpp ..\blocks\Box2D\src\Box2D\Dynamics\Joints\b2WheelJoint.cpp ..\blocks\Box2D\src\Box2D\Rope\b2Rope.cpp
     1>cl : Command line warning D9030: '/Gm' is incompatible with multiprocessing; ignoring /MP switch
         b2Rope.cpp
         b2WheelJoint.cpp
         b2WeldJoint.cpp
         b2RopeJoint.cpp
         b2RevoluteJoint.cpp
         b2PulleyJoint.cpp
         b2PrismaticJoint.cpp
         b2MouseJoint.cpp
         b2Joint.cpp
         b2GearJoint.cpp
         b2FrictionJoint.cpp
         b2DistanceJoint.cpp
         b2PolygonContact.cpp
         b2PolygonAndCircleContact.cpp
         b2EdgeAndPolygonContact.cpp
         b2EdgeAndCircleContact.cpp
         b2ContactSolver.cpp
         b2Contact.cpp
         b2CircleContact.cpp
         b2ChainAndPolygonContact.cpp
         Generating Code...
         Compiling...
         b2ChainAndCircleContact.cpp
         b2WorldCallbacks.cpp
         b2World.cpp
         b2Island.cpp
         b2Fixture.cpp
         b2ContactManager.cpp
         b2Body.cpp
         b2Timer.cpp
         b2StackAllocator.cpp
         b2Settings.cpp
         b2Math.cpp
         b2Draw.cpp
         b2BlockAllocator.cpp
         b2PolygonShape.cpp
         b2EdgeShape.cpp
         b2CircleShape.cpp
         b2ChainShape.cpp
         b2TimeOfImpact.cpp
         b2DynamicTree.cpp
         b2Distance.cpp
         Generating Code...
         Compiling...
         b2Collision.cpp
         b2CollidePolygon.cpp
         b2CollideEdge.cpp
         b2CollideCircle.cpp
         b2BroadPhase.cpp
         BattleshipApp.cpp
         Generating Code...
       ResourceCompile:
         C:\Program Files (x86)\Windows Kits\8.1\bin\x86\rc.exe /D _UNICODE /D UNICODE /l"0x0409" /I..\..\..\..\..\Desktop\Cinder\cinder_0.9.0_vc2013\include /I..\include /nologo /fo"Debug\Resources.res" Resources.rc 
       Link:
         C:\Program Files (x86)\Microsoft Visual Studio 12.0\VC\bin\link.exe /ERRORREPORT:PROMPT /OUT:"C:\Users\Lucas\Documents\Visual Studio 2013\Projects\Battleship\vc2013\Debug\Battleship.exe" /INCREMENTAL /NOLOGO /LIBPATH:..\..\..\..\..\Desktop\Cinder\cinder_0.9.0_vc2013\lib\msw\x86 "cinder-v120_d.lib" OpenGL32.lib kernel32.lib user32.lib gdi32.lib winspool.lib comdlg32.lib advapi32.lib shell32.lib ole32.lib oleaut32.lib uuid.lib odbc32.lib odbccp32.lib /NODEFAULTLIB:LIBCMT /NODEFAULTLIB:LIBCPMT /MANIFEST /MANIFESTUAC:"level='asInvoker' uiAccess='false'" /manifest:embed /DEBUG /PDB:"C:\Users\Lucas\Documents\Visual Studio 2013\Projects\Battleship\vc2013\Debug\Battleship.pdb" /SUBSYSTEM:WINDOWS /TLBID:1 /DYNAMICBASE:NO /IMPLIB:"C:\Users\Lucas\Documents\Visual Studio 2013\Projects\Battleship\vc2013\Debug\Battleship.lib" /MACHINE:X86 Debug\Resources.res
         Debug\BattleshipApp.obj
         Debug\b2BroadPhase.obj
         Debug\b2CollideCircle.obj
         Debug\b2CollideEdge.obj
         Debug\b2CollidePolygon.obj
         Debug\b2Collision.obj
         Debug\b2Distance.obj
         Debug\b2DynamicTree.obj
         Debug\b2TimeOfImpact.obj
         Debug\b2ChainShape.obj
         Debug\b2CircleShape.obj
         Debug\b2EdgeShape.obj
         Debug\b2PolygonShape.obj
         Debug\b2BlockAllocator.obj
         Debug\b2Draw.obj
         Debug\b2Math.obj
         Debug\b2Settings.obj
         Debug\b2StackAllocator.obj
         Debug\b2Timer.obj
         Debug\b2Body.obj
         Debug\b2ContactManager.obj
         Debug\b2Fixture.obj
         Debug\b2Island.obj
         Debug\b2World.obj
         Debug\b2WorldCallbacks.obj
         Debug\b2ChainAndCircleContact.obj
         Debug\b2ChainAndPolygonContact.obj
         Debug\b2CircleContact.obj
         Debug\b2Contact.obj
         Debug\b2ContactSolver.obj
         Debug\b2EdgeAndCircleContact.obj
         Debug\b2EdgeAndPolygonContact.obj
         Debug\b2PolygonAndCircleContact.obj
         Debug\b2PolygonContact.obj
         Debug\b2DistanceJoint.obj
         Debug\b2FrictionJoint.obj
         Debug\b2GearJoint.obj
         Debug\b2Joint.obj
         Debug\b2MouseJoint.obj
         Debug\b2PrismaticJoint.obj
         Debug\b2PulleyJoint.obj
         Debug\b2RevoluteJoint.obj
         Debug\b2RopeJoint.obj
         Debug\b2WeldJoint.obj
         Debug\b2WheelJoint.obj
         Debug\b2Rope.obj
         Battleship.vcxproj -> C:\Users\Lucas\Documents\Visual Studio 2013\Projects\Battleship\vc2013\Debug\Battleship.exe
     1>Done Building Project "C:\Users\Lucas\Documents\Visual Studio 2013\Projects\Battleship\vc2013\Battleship.vcxproj" (Build target(s)).

Build succeeded.

Time Elapsed 00:00:11.47
